<?xml version="1.0" encoding="UTF-8"?>
<!-- Generated by org.testng.reporters.JUnitReportReporter -->
<testsuite hostname="Quantiphi-1070" name="orange.crm.CRMRunner.CRMRunner" tests="1" failures="0" timestamp="25 Apr 2021 09:42:55 GMT" time="22.278" errors="0">
  <testcase name="feature" time="22.278" classname="orange.crm.CRMRunner.CRMRunner"/>
</testsuite> <!-- orange.crm.CRMRunner.CRMRunner -->
